{"numFailedTestSuites":1,"numFailedTests":11,"numPassedTestSuites":0,"numPassedTests":5,"numPendingTestSuites":2,"numPendingTests":13,"numRuntimeErrorTestSuites":0,"numTodoTests":0,"numTotalTestSuites":3,"numTotalTests":29,"openHandles":[],"snapshot":{"added":0,"didUpdate":false,"failure":false,"filesAdded":0,"filesRemoved":0,"filesRemovedList":[],"filesUnmatched":0,"filesUpdated":0,"matched":0,"total":0,"unchecked":0,"uncheckedKeysByFile":[],"unmatched":0,"updated":0},"startTime":1752675258782,"success":false,"testResults":[{"assertionResults":[{"ancestorTitles":["RiddleGame Component","Conditional Display"],"failureMessages":[],"fullName":"RiddleGame Component Conditional Display Given wallet is disconnected, When component renders, Then it should show connect button","location":null,"status":"passed","title":"Given wallet is disconnected, When component renders, Then it should show connect button"},{"ancestorTitles":["RiddleGame Component","Conditional Display"],"failureMessages":[],"fullName":"RiddleGame Component Conditional Display Given wallet is connected, When component renders, Then it should show wallet info","location":null,"status":"passed","title":"Given wallet is connected, When component renders, Then it should show wallet info"},{"ancestorTitles":["RiddleGame Component","Conditional Display"],"failureMessages":[],"fullName":"RiddleGame Component Conditional Display Given wallet has error, When component renders, Then it should display error message","location":null,"status":"passed","title":"Given wallet has error, When component renders, Then it should display error message"},{"ancestorTitles":["RiddleGame Component","User Interactions"],"failureMessages":["Error: thrown: \"Exceeded timeout of 10000 ms for a test.\nUse jest.setTimeout(newTimeout) to increase the timeout value, if this is a long-running test.\"\n    at C:\\Users\\maxime\\Programs\\on_chain_riddle\\Frontend\\src\\presentation\\components\\RiddleGame.test.tsx:160:5\n    at _dispatchDescribe (C:\\Users\\maxime\\Programs\\on_chain_riddle\\Frontend\\node_modules\\jest-circus\\build\\index.js:98:26)\n    at describe (C:\\Users\\maxime\\Programs\\on_chain_riddle\\Frontend\\node_modules\\jest-circus\\build\\index.js:60:5)\n    at C:\\Users\\maxime\\Programs\\on_chain_riddle\\Frontend\\src\\presentation\\components\\RiddleGame.test.tsx:159:3\n    at _dispatchDescribe (C:\\Users\\maxime\\Programs\\on_chain_riddle\\Frontend\\node_modules\\jest-circus\\build\\index.js:98:26)\n    at describe (C:\\Users\\maxime\\Programs\\on_chain_riddle\\Frontend\\node_modules\\jest-circus\\build\\index.js:60:5)\n    at Object.<anonymous> (C:\\Users\\maxime\\Programs\\on_chain_riddle\\Frontend\\src\\presentation\\components\\RiddleGame.test.tsx:98:1)\n    at Runtime._execModule (C:\\Users\\maxime\\Programs\\on_chain_riddle\\Frontend\\node_modules\\jest-runtime\\build\\index.js:1646:24)\n    at Runtime._loadModule (C:\\Users\\maxime\\Programs\\on_chain_riddle\\Frontend\\node_modules\\jest-runtime\\build\\index.js:1185:12)\n    at Runtime.requireModule (C:\\Users\\maxime\\Programs\\on_chain_riddle\\Frontend\\node_modules\\jest-runtime\\build\\index.js:1009:12)\n    at jestAdapter (C:\\Users\\maxime\\Programs\\on_chain_riddle\\Frontend\\node_modules\\jest-circus\\build\\legacy-code-todo-rewrite\\jestAdapter.js:79:13)\n    at runTestInternal (C:\\Users\\maxime\\Programs\\on_chain_riddle\\Frontend\\node_modules\\jest-runner\\build\\runTest.js:389:16)\n    at runTest (C:\\Users\\maxime\\Programs\\on_chain_riddle\\Frontend\\node_modules\\jest-runner\\build\\runTest.js:475:34)"],"fullName":"RiddleGame Component User Interactions Given user clicks Connect button, When clicked, Then it should call connectWallet","location":null,"status":"failed","title":"Given user clicks Connect button, When clicked, Then it should call connectWallet"},{"ancestorTitles":["RiddleGame Component","User Interactions"],"failureMessages":["Error: thrown: \"Exceeded timeout of 10000 ms for a test.\nUse jest.setTimeout(newTimeout) to increase the timeout value, if this is a long-running test.\"\n    at C:\\Users\\maxime\\Programs\\on_chain_riddle\\Frontend\\src\\presentation\\components\\RiddleGame.test.tsx:167:5\n    at _dispatchDescribe (C:\\Users\\maxime\\Programs\\on_chain_riddle\\Frontend\\node_modules\\jest-circus\\build\\index.js:98:26)\n    at describe (C:\\Users\\maxime\\Programs\\on_chain_riddle\\Frontend\\node_modules\\jest-circus\\build\\index.js:60:5)\n    at C:\\Users\\maxime\\Programs\\on_chain_riddle\\Frontend\\src\\presentation\\components\\RiddleGame.test.tsx:159:3\n    at _dispatchDescribe (C:\\Users\\maxime\\Programs\\on_chain_riddle\\Frontend\\node_modules\\jest-circus\\build\\index.js:98:26)\n    at describe (C:\\Users\\maxime\\Programs\\on_chain_riddle\\Frontend\\node_modules\\jest-circus\\build\\index.js:60:5)\n    at Object.<anonymous> (C:\\Users\\maxime\\Programs\\on_chain_riddle\\Frontend\\src\\presentation\\components\\RiddleGame.test.tsx:98:1)\n    at Runtime._execModule (C:\\Users\\maxime\\Programs\\on_chain_riddle\\Frontend\\node_modules\\jest-runtime\\build\\index.js:1646:24)\n    at Runtime._loadModule (C:\\Users\\maxime\\Programs\\on_chain_riddle\\Frontend\\node_modules\\jest-runtime\\build\\index.js:1185:12)\n    at Runtime.requireModule (C:\\Users\\maxime\\Programs\\on_chain_riddle\\Frontend\\node_modules\\jest-runtime\\build\\index.js:1009:12)\n    at jestAdapter (C:\\Users\\maxime\\Programs\\on_chain_riddle\\Frontend\\node_modules\\jest-circus\\build\\legacy-code-todo-rewrite\\jestAdapter.js:79:13)\n    at runTestInternal (C:\\Users\\maxime\\Programs\\on_chain_riddle\\Frontend\\node_modules\\jest-runner\\build\\runTest.js:389:16)\n    at runTest (C:\\Users\\maxime\\Programs\\on_chain_riddle\\Frontend\\node_modules\\jest-runner\\build\\runTest.js:475:34)"],"fullName":"RiddleGame Component User Interactions Given user clicks Disconnect button, When clicked, Then it should call disconnectWallet","location":null,"status":"failed","title":"Given user clicks Disconnect button, When clicked, Then it should call disconnectWallet"},{"ancestorTitles":["RiddleGame Component","Riddle Display"],"failureMessages":["Error: thrown: \"Exceeded timeout of 5000 ms for a test.\nUse jest.setTimeout(newTimeout) to increase the timeout value, if this is a long-running test.\"\n    at C:\\Users\\maxime\\Programs\\on_chain_riddle\\Frontend\\src\\presentation\\components\\RiddleGame.test.tsx:182:5\n    at _dispatchDescribe (C:\\Users\\maxime\\Programs\\on_chain_riddle\\Frontend\\node_modules\\jest-circus\\build\\index.js:98:26)\n    at describe (C:\\Users\\maxime\\Programs\\on_chain_riddle\\Frontend\\node_modules\\jest-circus\\build\\index.js:60:5)\n    at C:\\Users\\maxime\\Programs\\on_chain_riddle\\Frontend\\src\\presentation\\components\\RiddleGame.test.tsx:181:3\n    at _dispatchDescribe (C:\\Users\\maxime\\Programs\\on_chain_riddle\\Frontend\\node_modules\\jest-circus\\build\\index.js:98:26)\n    at describe (C:\\Users\\maxime\\Programs\\on_chain_riddle\\Frontend\\node_modules\\jest-circus\\build\\index.js:60:5)\n    at Object.<anonymous> (C:\\Users\\maxime\\Programs\\on_chain_riddle\\Frontend\\src\\presentation\\components\\RiddleGame.test.tsx:98:1)\n    at Runtime._execModule (C:\\Users\\maxime\\Programs\\on_chain_riddle\\Frontend\\node_modules\\jest-runtime\\build\\index.js:1646:24)\n    at Runtime._loadModule (C:\\Users\\maxime\\Programs\\on_chain_riddle\\Frontend\\node_modules\\jest-runtime\\build\\index.js:1185:12)\n    at Runtime.requireModule (C:\\Users\\maxime\\Programs\\on_chain_riddle\\Frontend\\node_modules\\jest-runtime\\build\\index.js:1009:12)\n    at jestAdapter (C:\\Users\\maxime\\Programs\\on_chain_riddle\\Frontend\\node_modules\\jest-circus\\build\\legacy-code-todo-rewrite\\jestAdapter.js:79:13)\n    at runTestInternal (C:\\Users\\maxime\\Programs\\on_chain_riddle\\Frontend\\node_modules\\jest-runner\\build\\runTest.js:389:16)\n    at runTest (C:\\Users\\maxime\\Programs\\on_chain_riddle\\Frontend\\node_modules\\jest-runner\\build\\runTest.js:475:34)"],"fullName":"RiddleGame Component Riddle Display Given wallet is connected and riddle exists, When component renders, Then it should display riddle","location":null,"status":"failed","title":"Given wallet is connected and riddle exists, When component renders, Then it should display riddle"},{"ancestorTitles":["RiddleGame Component","Riddle Display"],"failureMessages":["Error: thrown: \"Exceeded timeout of 5000 ms for a test.\nUse jest.setTimeout(newTimeout) to increase the timeout value, if this is a long-running test.\"\n    at C:\\Users\\maxime\\Programs\\on_chain_riddle\\Frontend\\src\\presentation\\components\\RiddleGame.test.tsx:202:5\n    at _dispatchDescribe (C:\\Users\\maxime\\Programs\\on_chain_riddle\\Frontend\\node_modules\\jest-circus\\build\\index.js:98:26)\n    at describe (C:\\Users\\maxime\\Programs\\on_chain_riddle\\Frontend\\node_modules\\jest-circus\\build\\index.js:60:5)\n    at C:\\Users\\maxime\\Programs\\on_chain_riddle\\Frontend\\src\\presentation\\components\\RiddleGame.test.tsx:181:3\n    at _dispatchDescribe (C:\\Users\\maxime\\Programs\\on_chain_riddle\\Frontend\\node_modules\\jest-circus\\build\\index.js:98:26)\n    at describe (C:\\Users\\maxime\\Programs\\on_chain_riddle\\Frontend\\node_modules\\jest-circus\\build\\index.js:60:5)\n    at Object.<anonymous> (C:\\Users\\maxime\\Programs\\on_chain_riddle\\Frontend\\src\\presentation\\components\\RiddleGame.test.tsx:98:1)\n    at Runtime._execModule (C:\\Users\\maxime\\Programs\\on_chain_riddle\\Frontend\\node_modules\\jest-runtime\\build\\index.js:1646:24)\n    at Runtime._loadModule (C:\\Users\\maxime\\Programs\\on_chain_riddle\\Frontend\\node_modules\\jest-runtime\\build\\index.js:1185:12)\n    at Runtime.requireModule (C:\\Users\\maxime\\Programs\\on_chain_riddle\\Frontend\\node_modules\\jest-runtime\\build\\index.js:1009:12)\n    at jestAdapter (C:\\Users\\maxime\\Programs\\on_chain_riddle\\Frontend\\node_modules\\jest-circus\\build\\legacy-code-todo-rewrite\\jestAdapter.js:79:13)\n    at runTestInternal (C:\\Users\\maxime\\Programs\\on_chain_riddle\\Frontend\\node_modules\\jest-runner\\build\\runTest.js:389:16)\n    at runTest (C:\\Users\\maxime\\Programs\\on_chain_riddle\\Frontend\\node_modules\\jest-runner\\build\\runTest.js:475:34)"],"fullName":"RiddleGame Component Riddle Display Given riddle is solved, When component renders, Then it should show winner and solved message","location":null,"status":"failed","title":"Given riddle is solved, When component renders, Then it should show winner and solved message"},{"ancestorTitles":["RiddleGame Component","Answer Submission"],"failureMessages":["Error: thrown: \"Exceeded timeout of 5000 ms for a test.\nUse jest.setTimeout(newTimeout) to increase the timeout value, if this is a long-running test.\"\n    at C:\\Users\\maxime\\Programs\\on_chain_riddle\\Frontend\\src\\presentation\\components\\RiddleGame.test.tsx:225:5\n    at _dispatchDescribe (C:\\Users\\maxime\\Programs\\on_chain_riddle\\Frontend\\node_modules\\jest-circus\\build\\index.js:98:26)\n    at describe (C:\\Users\\maxime\\Programs\\on_chain_riddle\\Frontend\\node_modules\\jest-circus\\build\\index.js:60:5)\n    at C:\\Users\\maxime\\Programs\\on_chain_riddle\\Frontend\\src\\presentation\\components\\RiddleGame.test.tsx:224:3\n    at _dispatchDescribe (C:\\Users\\maxime\\Programs\\on_chain_riddle\\Frontend\\node_modules\\jest-circus\\build\\index.js:98:26)\n    at describe (C:\\Users\\maxime\\Programs\\on_chain_riddle\\Frontend\\node_modules\\jest-circus\\build\\index.js:60:5)\n    at Object.<anonymous> (C:\\Users\\maxime\\Programs\\on_chain_riddle\\Frontend\\src\\presentation\\components\\RiddleGame.test.tsx:98:1)\n    at Runtime._execModule (C:\\Users\\maxime\\Programs\\on_chain_riddle\\Frontend\\node_modules\\jest-runtime\\build\\index.js:1646:24)\n    at Runtime._loadModule (C:\\Users\\maxime\\Programs\\on_chain_riddle\\Frontend\\node_modules\\jest-runtime\\build\\index.js:1185:12)\n    at Runtime.requireModule (C:\\Users\\maxime\\Programs\\on_chain_riddle\\Frontend\\node_modules\\jest-runtime\\build\\index.js:1009:12)\n    at jestAdapter (C:\\Users\\maxime\\Programs\\on_chain_riddle\\Frontend\\node_modules\\jest-circus\\build\\legacy-code-todo-rewrite\\jestAdapter.js:79:13)\n    at runTestInternal (C:\\Users\\maxime\\Programs\\on_chain_riddle\\Frontend\\node_modules\\jest-runner\\build\\runTest.js:389:16)\n    at runTest (C:\\Users\\maxime\\Programs\\on_chain_riddle\\Frontend\\node_modules\\jest-runner\\build\\runTest.js:475:34)"],"fullName":"RiddleGame Component Answer Submission Given user submits correct answer, When submitted, Then it should show success and start countdown","location":null,"status":"failed","title":"Given user submits correct answer, When submitted, Then it should show success and start countdown"},{"ancestorTitles":["RiddleGame Component","Answer Submission"],"failureMessages":["Error: thrown: \"Exceeded timeout of 5000 ms for a test.\nUse jest.setTimeout(newTimeout) to increase the timeout value, if this is a long-running test.\"\n    at C:\\Users\\maxime\\Programs\\on_chain_riddle\\Frontend\\src\\presentation\\components\\RiddleGame.test.tsx:256:5\n    at _dispatchDescribe (C:\\Users\\maxime\\Programs\\on_chain_riddle\\Frontend\\node_modules\\jest-circus\\build\\index.js:98:26)\n    at describe (C:\\Users\\maxime\\Programs\\on_chain_riddle\\Frontend\\node_modules\\jest-circus\\build\\index.js:60:5)\n    at C:\\Users\\maxime\\Programs\\on_chain_riddle\\Frontend\\src\\presentation\\components\\RiddleGame.test.tsx:224:3\n    at _dispatchDescribe (C:\\Users\\maxime\\Programs\\on_chain_riddle\\Frontend\\node_modules\\jest-circus\\build\\index.js:98:26)\n    at describe (C:\\Users\\maxime\\Programs\\on_chain_riddle\\Frontend\\node_modules\\jest-circus\\build\\index.js:60:5)\n    at Object.<anonymous> (C:\\Users\\maxime\\Programs\\on_chain_riddle\\Frontend\\src\\presentation\\components\\RiddleGame.test.tsx:98:1)\n    at Runtime._execModule (C:\\Users\\maxime\\Programs\\on_chain_riddle\\Frontend\\node_modules\\jest-runtime\\build\\index.js:1646:24)\n    at Runtime._loadModule (C:\\Users\\maxime\\Programs\\on_chain_riddle\\Frontend\\node_modules\\jest-runtime\\build\\index.js:1185:12)\n    at Runtime.requireModule (C:\\Users\\maxime\\Programs\\on_chain_riddle\\Frontend\\node_modules\\jest-runtime\\build\\index.js:1009:12)\n    at jestAdapter (C:\\Users\\maxime\\Programs\\on_chain_riddle\\Frontend\\node_modules\\jest-circus\\build\\legacy-code-todo-rewrite\\jestAdapter.js:79:13)\n    at runTestInternal (C:\\Users\\maxime\\Programs\\on_chain_riddle\\Frontend\\node_modules\\jest-runner\\build\\runTest.js:389:16)\n    at runTest (C:\\Users\\maxime\\Programs\\on_chain_riddle\\Frontend\\node_modules\\jest-runner\\build\\runTest.js:475:34)"],"fullName":"RiddleGame Component Answer Submission Given user submits incorrect answer, When submitted, Then it should show error message","location":null,"status":"failed","title":"Given user submits incorrect answer, When submitted, Then it should show error message"},{"ancestorTitles":["RiddleGame Component","Answer Submission"],"failureMessages":["Error: thrown: \"Exceeded timeout of 5000 ms for a test.\nUse jest.setTimeout(newTimeout) to increase the timeout value, if this is a long-running test.\"\n    at C:\\Users\\maxime\\Programs\\on_chain_riddle\\Frontend\\src\\presentation\\components\\RiddleGame.test.tsx:285:5\n    at _dispatchDescribe (C:\\Users\\maxime\\Programs\\on_chain_riddle\\Frontend\\node_modules\\jest-circus\\build\\index.js:98:26)\n    at describe (C:\\Users\\maxime\\Programs\\on_chain_riddle\\Frontend\\node_modules\\jest-circus\\build\\index.js:60:5)\n    at C:\\Users\\maxime\\Programs\\on_chain_riddle\\Frontend\\src\\presentation\\components\\RiddleGame.test.tsx:224:3\n    at _dispatchDescribe (C:\\Users\\maxime\\Programs\\on_chain_riddle\\Frontend\\node_modules\\jest-circus\\build\\index.js:98:26)\n    at describe (C:\\Users\\maxime\\Programs\\on_chain_riddle\\Frontend\\node_modules\\jest-circus\\build\\index.js:60:5)\n    at Object.<anonymous> (C:\\Users\\maxime\\Programs\\on_chain_riddle\\Frontend\\src\\presentation\\components\\RiddleGame.test.tsx:98:1)\n    at Runtime._execModule (C:\\Users\\maxime\\Programs\\on_chain_riddle\\Frontend\\node_modules\\jest-runtime\\build\\index.js:1646:24)\n    at Runtime._loadModule (C:\\Users\\maxime\\Programs\\on_chain_riddle\\Frontend\\node_modules\\jest-runtime\\build\\index.js:1185:12)\n    at Runtime.requireModule (C:\\Users\\maxime\\Programs\\on_chain_riddle\\Frontend\\node_modules\\jest-runtime\\build\\index.js:1009:12)\n    at jestAdapter (C:\\Users\\maxime\\Programs\\on_chain_riddle\\Frontend\\node_modules\\jest-circus\\build\\legacy-code-todo-rewrite\\jestAdapter.js:79:13)\n    at runTestInternal (C:\\Users\\maxime\\Programs\\on_chain_riddle\\Frontend\\node_modules\\jest-runner\\build\\runTest.js:389:16)\n    at runTest (C:\\Users\\maxime\\Programs\\on_chain_riddle\\Frontend\\node_modules\\jest-runner\\build\\runTest.js:475:34)"],"fullName":"RiddleGame Component Answer Submission Given form is submitted without name, When submitted, Then it should show validation error","location":null,"status":"failed","title":"Given form is submitted without name, When submitted, Then it should show validation error"},{"ancestorTitles":["RiddleGame Component","Answer Submission"],"failureMessages":["Error: thrown: \"Exceeded timeout of 5000 ms for a test.\nUse jest.setTimeout(newTimeout) to increase the timeout value, if this is a long-running test.\"\n    at C:\\Users\\maxime\\Programs\\on_chain_riddle\\Frontend\\src\\presentation\\components\\RiddleGame.test.tsx:311:5\n    at _dispatchDescribe (C:\\Users\\maxime\\Programs\\on_chain_riddle\\Frontend\\node_modules\\jest-circus\\build\\index.js:98:26)\n    at describe (C:\\Users\\maxime\\Programs\\on_chain_riddle\\Frontend\\node_modules\\jest-circus\\build\\index.js:60:5)\n    at C:\\Users\\maxime\\Programs\\on_chain_riddle\\Frontend\\src\\presentation\\components\\RiddleGame.test.tsx:224:3\n    at _dispatchDescribe (C:\\Users\\maxime\\Programs\\on_chain_riddle\\Frontend\\node_modules\\jest-circus\\build\\index.js:98:26)\n    at describe (C:\\Users\\maxime\\Programs\\on_chain_riddle\\Frontend\\node_modules\\jest-circus\\build\\index.js:60:5)\n    at Object.<anonymous> (C:\\Users\\maxime\\Programs\\on_chain_riddle\\Frontend\\src\\presentation\\components\\RiddleGame.test.tsx:98:1)\n    at Runtime._execModule (C:\\Users\\maxime\\Programs\\on_chain_riddle\\Frontend\\node_modules\\jest-runtime\\build\\index.js:1646:24)\n    at Runtime._loadModule (C:\\Users\\maxime\\Programs\\on_chain_riddle\\Frontend\\node_modules\\jest-runtime\\build\\index.js:1185:12)\n    at Runtime.requireModule (C:\\Users\\maxime\\Programs\\on_chain_riddle\\Frontend\\node_modules\\jest-runtime\\build\\index.js:1009:12)\n    at jestAdapter (C:\\Users\\maxime\\Programs\\on_chain_riddle\\Frontend\\node_modules\\jest-circus\\build\\legacy-code-todo-rewrite\\jestAdapter.js:79:13)\n    at runTestInternal (C:\\Users\\maxime\\Programs\\on_chain_riddle\\Frontend\\node_modules\\jest-runner\\build\\runTest.js:389:16)\n    at runTest (C:\\Users\\maxime\\Programs\\on_chain_riddle\\Frontend\\node_modules\\jest-runner\\build\\runTest.js:475:34)"],"fullName":"RiddleGame Component Answer Submission Given form is submitted without answer, When submitted, Then it should show validation error","location":null,"status":"failed","title":"Given form is submitted without answer, When submitted, Then it should show validation error"},{"ancestorTitles":["RiddleGame Component","Countdown Functionality"],"failureMessages":["Error: thrown: \"Exceeded timeout of 5000 ms for a test.\nUse jest.setTimeout(newTimeout) to increase the timeout value, if this is a long-running test.\"\n    at C:\\Users\\maxime\\Programs\\on_chain_riddle\\Frontend\\src\\presentation\\components\\RiddleGame.test.tsx:339:5\n    at _dispatchDescribe (C:\\Users\\maxime\\Programs\\on_chain_riddle\\Frontend\\node_modules\\jest-circus\\build\\index.js:98:26)\n    at describe (C:\\Users\\maxime\\Programs\\on_chain_riddle\\Frontend\\node_modules\\jest-circus\\build\\index.js:60:5)\n    at C:\\Users\\maxime\\Programs\\on_chain_riddle\\Frontend\\src\\presentation\\components\\RiddleGame.test.tsx:338:3\n    at _dispatchDescribe (C:\\Users\\maxime\\Programs\\on_chain_riddle\\Frontend\\node_modules\\jest-circus\\build\\index.js:98:26)\n    at describe (C:\\Users\\maxime\\Programs\\on_chain_riddle\\Frontend\\node_modules\\jest-circus\\build\\index.js:60:5)\n    at Object.<anonymous> (C:\\Users\\maxime\\Programs\\on_chain_riddle\\Frontend\\src\\presentation\\components\\RiddleGame.test.tsx:98:1)\n    at Runtime._execModule (C:\\Users\\maxime\\Programs\\on_chain_riddle\\Frontend\\node_modules\\jest-runtime\\build\\index.js:1646:24)\n    at Runtime._loadModule (C:\\Users\\maxime\\Programs\\on_chain_riddle\\Frontend\\node_modules\\jest-runtime\\build\\index.js:1185:12)\n    at Runtime.requireModule (C:\\Users\\maxime\\Programs\\on_chain_riddle\\Frontend\\node_modules\\jest-runtime\\build\\index.js:1009:12)\n    at jestAdapter (C:\\Users\\maxime\\Programs\\on_chain_riddle\\Frontend\\node_modules\\jest-circus\\build\\legacy-code-todo-rewrite\\jestAdapter.js:79:13)\n    at runTestInternal (C:\\Users\\maxime\\Programs\\on_chain_riddle\\Frontend\\node_modules\\jest-runner\\build\\runTest.js:389:16)\n    at runTest (C:\\Users\\maxime\\Programs\\on_chain_riddle\\Frontend\\node_modules\\jest-runner\\build\\runTest.js:475:34)"],"fullName":"RiddleGame Component Countdown Functionality Given countdown is active, When rendering, Then it should display countdown timer","location":null,"status":"failed","title":"Given countdown is active, When rendering, Then it should display countdown timer"},{"ancestorTitles":["RiddleGame Component","Countdown Functionality"],"failureMessages":["Error: thrown: \"Exceeded timeout of 5000 ms for a test.\nUse jest.setTimeout(newTimeout) to increase the timeout value, if this is a long-running test.\"\n    at C:\\Users\\maxime\\Programs\\on_chain_riddle\\Frontend\\src\\presentation\\components\\RiddleGame.test.tsx:370:5\n    at _dispatchDescribe (C:\\Users\\maxime\\Programs\\on_chain_riddle\\Frontend\\node_modules\\jest-circus\\build\\index.js:98:26)\n    at describe (C:\\Users\\maxime\\Programs\\on_chain_riddle\\Frontend\\node_modules\\jest-circus\\build\\index.js:60:5)\n    at C:\\Users\\maxime\\Programs\\on_chain_riddle\\Frontend\\src\\presentation\\components\\RiddleGame.test.tsx:338:3\n    at _dispatchDescribe (C:\\Users\\maxime\\Programs\\on_chain_riddle\\Frontend\\node_modules\\jest-circus\\build\\index.js:98:26)\n    at describe (C:\\Users\\maxime\\Programs\\on_chain_riddle\\Frontend\\node_modules\\jest-circus\\build\\index.js:60:5)\n    at Object.<anonymous> (C:\\Users\\maxime\\Programs\\on_chain_riddle\\Frontend\\src\\presentation\\components\\RiddleGame.test.tsx:98:1)\n    at Runtime._execModule (C:\\Users\\maxime\\Programs\\on_chain_riddle\\Frontend\\node_modules\\jest-runtime\\build\\index.js:1646:24)\n    at Runtime._loadModule (C:\\Users\\maxime\\Programs\\on_chain_riddle\\Frontend\\node_modules\\jest-runtime\\build\\index.js:1185:12)\n    at Runtime.requireModule (C:\\Users\\maxime\\Programs\\on_chain_riddle\\Frontend\\node_modules\\jest-runtime\\build\\index.js:1009:12)\n    at jestAdapter (C:\\Users\\maxime\\Programs\\on_chain_riddle\\Frontend\\node_modules\\jest-circus\\build\\legacy-code-todo-rewrite\\jestAdapter.js:79:13)\n    at runTestInternal (C:\\Users\\maxime\\Programs\\on_chain_riddle\\Frontend\\node_modules\\jest-runner\\build\\runTest.js:389:16)\n    at runTest (C:\\Users\\maxime\\Programs\\on_chain_riddle\\Frontend\\node_modules\\jest-runner\\build\\runTest.js:475:34)"],"fullName":"RiddleGame Component Countdown Functionality Given countdown is active, When countdown reaches zero, Then it should reload riddle","location":null,"status":"failed","title":"Given countdown is active, When countdown reaches zero, Then it should reload riddle"},{"ancestorTitles":["RiddleGame Component","Error Handling"],"failureMessages":[],"fullName":"RiddleGame Component Error Handling Given wallet has error, When rendering, Then it should display error appropriately","location":null,"status":"passed","title":"Given wallet has error, When rendering, Then it should display error appropriately"},{"ancestorTitles":["RiddleGame Component","Error Handling"],"failureMessages":[],"fullName":"RiddleGame Component Error Handling Given no wallet error, When rendering, Then it should not display error message","location":null,"status":"passed","title":"Given no wallet error, When rendering, Then it should not display error message"},{"ancestorTitles":["RiddleGame Component","Error Handling"],"failureMessages":["Error: thrown: \"Exceeded timeout of 5000 ms for a test.\nUse jest.setTimeout(newTimeout) to increase the timeout value, if this is a long-running test.\"\n    at C:\\Users\\maxime\\Programs\\on_chain_riddle\\Frontend\\src\\presentation\\components\\RiddleGame.test.tsx:436:5\n    at _dispatchDescribe (C:\\Users\\maxime\\Programs\\on_chain_riddle\\Frontend\\node_modules\\jest-circus\\build\\index.js:98:26)\n    at describe (C:\\Users\\maxime\\Programs\\on_chain_riddle\\Frontend\\node_modules\\jest-circus\\build\\index.js:60:5)\n    at C:\\Users\\maxime\\Programs\\on_chain_riddle\\Frontend\\src\\presentation\\components\\RiddleGame.test.tsx:411:3\n    at _dispatchDescribe (C:\\Users\\maxime\\Programs\\on_chain_riddle\\Frontend\\node_modules\\jest-circus\\build\\index.js:98:26)\n    at describe (C:\\Users\\maxime\\Programs\\on_chain_riddle\\Frontend\\node_modules\\jest-circus\\build\\index.js:60:5)\n    at Object.<anonymous> (C:\\Users\\maxime\\Programs\\on_chain_riddle\\Frontend\\src\\presentation\\components\\RiddleGame.test.tsx:98:1)\n    at Runtime._execModule (C:\\Users\\maxime\\Programs\\on_chain_riddle\\Frontend\\node_modules\\jest-runtime\\build\\index.js:1646:24)\n    at Runtime._loadModule (C:\\Users\\maxime\\Programs\\on_chain_riddle\\Frontend\\node_modules\\jest-runtime\\build\\index.js:1185:12)\n    at Runtime.requireModule (C:\\Users\\maxime\\Programs\\on_chain_riddle\\Frontend\\node_modules\\jest-runtime\\build\\index.js:1009:12)\n    at jestAdapter (C:\\Users\\maxime\\Programs\\on_chain_riddle\\Frontend\\node_modules\\jest-circus\\build\\legacy-code-todo-rewrite\\jestAdapter.js:79:13)\n    at runTestInternal (C:\\Users\\maxime\\Programs\\on_chain_riddle\\Frontend\\node_modules\\jest-runner\\build\\runTest.js:389:16)\n    at runTest (C:\\Users\\maxime\\Programs\\on_chain_riddle\\Frontend\\node_modules\\jest-runner\\build\\runTest.js:475:34)"],"fullName":"RiddleGame Component Error Handling Given contract error occurs, When submitting answer, Then it should display error message","location":null,"status":"failed","title":"Given contract error occurs, When submitting answer, Then it should display error message"}],"endTime":1752675327481,"message":"\u001b[1m\u001b[31m  \u001b[1m● \u001b[22m\u001b[1mRiddleGame Component › User Interactions › Given user clicks Connect button, When clicked, Then it should call connectWallet\u001b[39m\u001b[22m\n\n    thrown: \"Exceeded timeout of 10000 ms for a test.\n    Use jest.setTimeout(newTimeout) to increase the timeout value, if this is a long-running test.\"\n\u001b[2m\u001b[22m\n\u001b[2m    \u001b[0m \u001b[90m 158 |\u001b[39m\u001b[22m\n\u001b[2m     \u001b[90m 159 |\u001b[39m   describe(\u001b[32m'User Interactions'\u001b[39m\u001b[33m,\u001b[39m () \u001b[33m=>\u001b[39m {\u001b[22m\n\u001b[2m    \u001b[31m\u001b[1m>\u001b[22m\u001b[2m\u001b[39m\u001b[90m 160 |\u001b[39m     test(\u001b[32m'Given user clicks Connect button, When clicked, Then it should call connectWallet'\u001b[39m\u001b[33m,\u001b[39m \u001b[36masync\u001b[39m () \u001b[33m=>\u001b[39m {\u001b[22m\n\u001b[2m     \u001b[90m     |\u001b[39m     \u001b[31m\u001b[1m^\u001b[22m\u001b[2m\u001b[39m\u001b[22m\n\u001b[2m     \u001b[90m 161 |\u001b[39m       \u001b[36mconst\u001b[39m user \u001b[33m=\u001b[39m userEvent\u001b[33m.\u001b[39msetup()\u001b[33m;\u001b[39m\u001b[22m\n\u001b[2m     \u001b[90m 162 |\u001b[39m       render(\u001b[33m<\u001b[39m\u001b[33mRiddleGame\u001b[39m \u001b[33m/\u001b[39m\u001b[33m>\u001b[39m)\u001b[33m;\u001b[39m\u001b[22m\n\u001b[2m     \u001b[90m 163 |\u001b[39m       \u001b[36mawait\u001b[39m user\u001b[33m.\u001b[39mclick(screen\u001b[33m.\u001b[39mgetByText(\u001b[32m'Connect MetaMask'\u001b[39m))\u001b[33m;\u001b[39m\u001b[0m\u001b[22m\n\u001b[2m\u001b[22m\n\u001b[2m      \u001b[2mat \u001b[22m\u001b[2m\u001b[0m\u001b[36msrc/presentation/components/RiddleGame.test.tsx\u001b[39m\u001b[0m\u001b[2m:160:5\u001b[22m\u001b[2m\u001b[22m\n\u001b[2m      \u001b[2mat \u001b[22m\u001b[2m\u001b[0m\u001b[36msrc/presentation/components/RiddleGame.test.tsx\u001b[39m\u001b[0m\u001b[2m:159:3\u001b[22m\u001b[2m\u001b[22m\n\u001b[2m      \u001b[2mat Object.<anonymous> (\u001b[22m\u001b[2m\u001b[0m\u001b[36msrc/presentation/components/RiddleGame.test.tsx\u001b[39m\u001b[0m\u001b[2m:98:1)\u001b[22m\u001b[2m\u001b[22m\n\n\u001b[1m\u001b[31m  \u001b[1m● \u001b[22m\u001b[1mRiddleGame Component › User Interactions › Given user clicks Disconnect button, When clicked, Then it should call disconnectWallet\u001b[39m\u001b[22m\n\n    thrown: \"Exceeded timeout of 10000 ms for a test.\n    Use jest.setTimeout(newTimeout) to increase the timeout value, if this is a long-running test.\"\n\u001b[2m\u001b[22m\n\u001b[2m    \u001b[0m \u001b[90m 165 |\u001b[39m     }\u001b[33m,\u001b[39m \u001b[35m10000\u001b[39m)\u001b[33m;\u001b[39m\u001b[22m\n\u001b[2m     \u001b[90m 166 |\u001b[39m\u001b[22m\n\u001b[2m    \u001b[31m\u001b[1m>\u001b[22m\u001b[2m\u001b[39m\u001b[90m 167 |\u001b[39m     test(\u001b[32m'Given user clicks Disconnect button, When clicked, Then it should call disconnectWallet'\u001b[39m\u001b[33m,\u001b[39m \u001b[36masync\u001b[39m () \u001b[33m=>\u001b[39m {\u001b[22m\n\u001b[2m     \u001b[90m     |\u001b[39m     \u001b[31m\u001b[1m^\u001b[22m\u001b[2m\u001b[39m\u001b[22m\n\u001b[2m     \u001b[90m 168 |\u001b[39m       \u001b[36mconst\u001b[39m user \u001b[33m=\u001b[39m userEvent\u001b[33m.\u001b[39msetup()\u001b[33m;\u001b[39m\u001b[22m\n\u001b[2m     \u001b[90m 169 |\u001b[39m       mockUseWallet\u001b[33m.\u001b[39mwalletState \u001b[33m=\u001b[39m {\u001b[22m\n\u001b[2m     \u001b[90m 170 |\u001b[39m         isConnected\u001b[33m:\u001b[39m \u001b[36mtrue\u001b[39m\u001b[33m,\u001b[39m\u001b[0m\u001b[22m\n\u001b[2m\u001b[22m\n\u001b[2m      \u001b[2mat \u001b[22m\u001b[2m\u001b[0m\u001b[36msrc/presentation/components/RiddleGame.test.tsx\u001b[39m\u001b[0m\u001b[2m:167:5\u001b[22m\u001b[2m\u001b[22m\n\u001b[2m      \u001b[2mat \u001b[22m\u001b[2m\u001b[0m\u001b[36msrc/presentation/components/RiddleGame.test.tsx\u001b[39m\u001b[0m\u001b[2m:159:3\u001b[22m\u001b[2m\u001b[22m\n\u001b[2m      \u001b[2mat Object.<anonymous> (\u001b[22m\u001b[2m\u001b[0m\u001b[36msrc/presentation/components/RiddleGame.test.tsx\u001b[39m\u001b[0m\u001b[2m:98:1)\u001b[22m\u001b[2m\u001b[22m\n\n\u001b[1m\u001b[31m  \u001b[1m● \u001b[22m\u001b[1mRiddleGame Component › Riddle Display › Given wallet is connected and riddle exists, When component renders, Then it should display riddle\u001b[39m\u001b[22m\n\n    thrown: \"Exceeded timeout of 5000 ms for a test.\n    Use jest.setTimeout(newTimeout) to increase the timeout value, if this is a long-running test.\"\n\u001b[2m\u001b[22m\n\u001b[2m    \u001b[0m \u001b[90m 180 |\u001b[39m\u001b[22m\n\u001b[2m     \u001b[90m 181 |\u001b[39m   describe(\u001b[32m'Riddle Display'\u001b[39m\u001b[33m,\u001b[39m () \u001b[33m=>\u001b[39m {\u001b[22m\n\u001b[2m    \u001b[31m\u001b[1m>\u001b[22m\u001b[2m\u001b[39m\u001b[90m 182 |\u001b[39m     test(\u001b[32m'Given wallet is connected and riddle exists, When component renders, Then it should display riddle'\u001b[39m\u001b[33m,\u001b[39m \u001b[36masync\u001b[39m () \u001b[33m=>\u001b[39m {\u001b[22m\n\u001b[2m     \u001b[90m     |\u001b[39m     \u001b[31m\u001b[1m^\u001b[22m\u001b[2m\u001b[39m\u001b[22m\n\u001b[2m     \u001b[90m 183 |\u001b[39m       mockUseWallet\u001b[33m.\u001b[39mwalletState \u001b[33m=\u001b[39m {\u001b[22m\n\u001b[2m     \u001b[90m 184 |\u001b[39m         isConnected\u001b[33m:\u001b[39m \u001b[36mtrue\u001b[39m\u001b[33m,\u001b[39m\u001b[22m\n\u001b[2m     \u001b[90m 185 |\u001b[39m         address\u001b[33m:\u001b[39m \u001b[32m'0x1234567890123456789012345678901234567890'\u001b[39m\u001b[33m,\u001b[39m\u001b[0m\u001b[22m\n\u001b[2m\u001b[22m\n\u001b[2m      \u001b[2mat \u001b[22m\u001b[2m\u001b[0m\u001b[36msrc/presentation/components/RiddleGame.test.tsx\u001b[39m\u001b[0m\u001b[2m:182:5\u001b[22m\u001b[2m\u001b[22m\n\u001b[2m      \u001b[2mat \u001b[22m\u001b[2m\u001b[0m\u001b[36msrc/presentation/components/RiddleGame.test.tsx\u001b[39m\u001b[0m\u001b[2m:181:3\u001b[22m\u001b[2m\u001b[22m\n\u001b[2m      \u001b[2mat Object.<anonymous> (\u001b[22m\u001b[2m\u001b[0m\u001b[36msrc/presentation/components/RiddleGame.test.tsx\u001b[39m\u001b[0m\u001b[2m:98:1)\u001b[22m\u001b[2m\u001b[22m\n\n\u001b[1m\u001b[31m  \u001b[1m● \u001b[22m\u001b[1mRiddleGame Component › Riddle Display › Given riddle is solved, When component renders, Then it should show winner and solved message\u001b[39m\u001b[22m\n\n    thrown: \"Exceeded timeout of 5000 ms for a test.\n    Use jest.setTimeout(newTimeout) to increase the timeout value, if this is a long-running test.\"\n\u001b[2m\u001b[22m\n\u001b[2m    \u001b[0m \u001b[90m 200 |\u001b[39m     })\u001b[33m;\u001b[39m\u001b[22m\n\u001b[2m     \u001b[90m 201 |\u001b[39m\u001b[22m\n\u001b[2m    \u001b[31m\u001b[1m>\u001b[22m\u001b[2m\u001b[39m\u001b[90m 202 |\u001b[39m     test(\u001b[32m'Given riddle is solved, When component renders, Then it should show winner and solved message'\u001b[39m\u001b[33m,\u001b[39m \u001b[36masync\u001b[39m () \u001b[33m=>\u001b[39m {\u001b[22m\n\u001b[2m     \u001b[90m     |\u001b[39m     \u001b[31m\u001b[1m^\u001b[22m\u001b[2m\u001b[39m\u001b[22m\n\u001b[2m     \u001b[90m 203 |\u001b[39m       mockUseWallet\u001b[33m.\u001b[39mwalletState \u001b[33m=\u001b[39m {\u001b[22m\n\u001b[2m     \u001b[90m 204 |\u001b[39m         isConnected\u001b[33m:\u001b[39m \u001b[36mtrue\u001b[39m\u001b[33m,\u001b[39m\u001b[22m\n\u001b[2m     \u001b[90m 205 |\u001b[39m         address\u001b[33m:\u001b[39m \u001b[32m'0x1234567890123456789012345678901234567890'\u001b[39m\u001b[33m,\u001b[39m\u001b[0m\u001b[22m\n\u001b[2m\u001b[22m\n\u001b[2m      \u001b[2mat \u001b[22m\u001b[2m\u001b[0m\u001b[36msrc/presentation/components/RiddleGame.test.tsx\u001b[39m\u001b[0m\u001b[2m:202:5\u001b[22m\u001b[2m\u001b[22m\n\u001b[2m      \u001b[2mat \u001b[22m\u001b[2m\u001b[0m\u001b[36msrc/presentation/components/RiddleGame.test.tsx\u001b[39m\u001b[0m\u001b[2m:181:3\u001b[22m\u001b[2m\u001b[22m\n\u001b[2m      \u001b[2mat Object.<anonymous> (\u001b[22m\u001b[2m\u001b[0m\u001b[36msrc/presentation/components/RiddleGame.test.tsx\u001b[39m\u001b[0m\u001b[2m:98:1)\u001b[22m\u001b[2m\u001b[22m\n\n\u001b[1m\u001b[31m  \u001b[1m● \u001b[22m\u001b[1mRiddleGame Component › Answer Submission › Given user submits correct answer, When submitted, Then it should show success and start countdown\u001b[39m\u001b[22m\n\n    thrown: \"Exceeded timeout of 5000 ms for a test.\n    Use jest.setTimeout(newTimeout) to increase the timeout value, if this is a long-running test.\"\n\u001b[2m\u001b[22m\n\u001b[2m    \u001b[0m \u001b[90m 223 |\u001b[39m\u001b[22m\n\u001b[2m     \u001b[90m 224 |\u001b[39m   describe(\u001b[32m'Answer Submission'\u001b[39m\u001b[33m,\u001b[39m () \u001b[33m=>\u001b[39m {\u001b[22m\n\u001b[2m    \u001b[31m\u001b[1m>\u001b[22m\u001b[2m\u001b[39m\u001b[90m 225 |\u001b[39m     test(\u001b[32m'Given user submits correct answer, When submitted, Then it should show success and start countdown'\u001b[39m\u001b[33m,\u001b[39m \u001b[36masync\u001b[39m () \u001b[33m=>\u001b[39m {\u001b[22m\n\u001b[2m     \u001b[90m     |\u001b[39m     \u001b[31m\u001b[1m^\u001b[22m\u001b[2m\u001b[39m\u001b[22m\n\u001b[2m     \u001b[90m 226 |\u001b[39m       \u001b[36mconst\u001b[39m user \u001b[33m=\u001b[39m userEvent\u001b[33m.\u001b[39msetup()\u001b[33m;\u001b[39m\u001b[22m\n\u001b[2m     \u001b[90m 227 |\u001b[39m       mockUseWallet\u001b[33m.\u001b[39mwalletState \u001b[33m=\u001b[39m {\u001b[22m\n\u001b[2m     \u001b[90m 228 |\u001b[39m         isConnected\u001b[33m:\u001b[39m \u001b[36mtrue\u001b[39m\u001b[33m,\u001b[39m\u001b[0m\u001b[22m\n\u001b[2m\u001b[22m\n\u001b[2m      \u001b[2mat \u001b[22m\u001b[2m\u001b[0m\u001b[36msrc/presentation/components/RiddleGame.test.tsx\u001b[39m\u001b[0m\u001b[2m:225:5\u001b[22m\u001b[2m\u001b[22m\n\u001b[2m      \u001b[2mat \u001b[22m\u001b[2m\u001b[0m\u001b[36msrc/presentation/components/RiddleGame.test.tsx\u001b[39m\u001b[0m\u001b[2m:224:3\u001b[22m\u001b[2m\u001b[22m\n\u001b[2m      \u001b[2mat Object.<anonymous> (\u001b[22m\u001b[2m\u001b[0m\u001b[36msrc/presentation/components/RiddleGame.test.tsx\u001b[39m\u001b[0m\u001b[2m:98:1)\u001b[22m\u001b[2m\u001b[22m\n\n\u001b[1m\u001b[31m  \u001b[1m● \u001b[22m\u001b[1mRiddleGame Component › Answer Submission › Given user submits incorrect answer, When submitted, Then it should show error message\u001b[39m\u001b[22m\n\n    thrown: \"Exceeded timeout of 5000 ms for a test.\n    Use jest.setTimeout(newTimeout) to increase the timeout value, if this is a long-running test.\"\n\u001b[2m\u001b[22m\n\u001b[2m    \u001b[0m \u001b[90m 254 |\u001b[39m     })\u001b[33m;\u001b[39m\u001b[22m\n\u001b[2m     \u001b[90m 255 |\u001b[39m\u001b[22m\n\u001b[2m    \u001b[31m\u001b[1m>\u001b[22m\u001b[2m\u001b[39m\u001b[90m 256 |\u001b[39m     test(\u001b[32m'Given user submits incorrect answer, When submitted, Then it should show error message'\u001b[39m\u001b[33m,\u001b[39m \u001b[36masync\u001b[39m () \u001b[33m=>\u001b[39m {\u001b[22m\n\u001b[2m     \u001b[90m     |\u001b[39m     \u001b[31m\u001b[1m^\u001b[22m\u001b[2m\u001b[39m\u001b[22m\n\u001b[2m     \u001b[90m 257 |\u001b[39m       \u001b[36mconst\u001b[39m user \u001b[33m=\u001b[39m userEvent\u001b[33m.\u001b[39msetup()\u001b[33m;\u001b[39m\u001b[22m\n\u001b[2m     \u001b[90m 258 |\u001b[39m       mockUseWallet\u001b[33m.\u001b[39mwalletState \u001b[33m=\u001b[39m {\u001b[22m\n\u001b[2m     \u001b[90m 259 |\u001b[39m         isConnected\u001b[33m:\u001b[39m \u001b[36mtrue\u001b[39m\u001b[33m,\u001b[39m\u001b[0m\u001b[22m\n\u001b[2m\u001b[22m\n\u001b[2m      \u001b[2mat \u001b[22m\u001b[2m\u001b[0m\u001b[36msrc/presentation/components/RiddleGame.test.tsx\u001b[39m\u001b[0m\u001b[2m:256:5\u001b[22m\u001b[2m\u001b[22m\n\u001b[2m      \u001b[2mat \u001b[22m\u001b[2m\u001b[0m\u001b[36msrc/presentation/components/RiddleGame.test.tsx\u001b[39m\u001b[0m\u001b[2m:224:3\u001b[22m\u001b[2m\u001b[22m\n\u001b[2m      \u001b[2mat Object.<anonymous> (\u001b[22m\u001b[2m\u001b[0m\u001b[36msrc/presentation/components/RiddleGame.test.tsx\u001b[39m\u001b[0m\u001b[2m:98:1)\u001b[22m\u001b[2m\u001b[22m\n\n\u001b[1m\u001b[31m  \u001b[1m● \u001b[22m\u001b[1mRiddleGame Component › Answer Submission › Given form is submitted without name, When submitted, Then it should show validation error\u001b[39m\u001b[22m\n\n    thrown: \"Exceeded timeout of 5000 ms for a test.\n    Use jest.setTimeout(newTimeout) to increase the timeout value, if this is a long-running test.\"\n\u001b[2m\u001b[22m\n\u001b[2m    \u001b[0m \u001b[90m 283 |\u001b[39m     })\u001b[33m;\u001b[39m\u001b[22m\n\u001b[2m     \u001b[90m 284 |\u001b[39m\u001b[22m\n\u001b[2m    \u001b[31m\u001b[1m>\u001b[22m\u001b[2m\u001b[39m\u001b[90m 285 |\u001b[39m     test(\u001b[32m'Given form is submitted without name, When submitted, Then it should show validation error'\u001b[39m\u001b[33m,\u001b[39m \u001b[36masync\u001b[39m () \u001b[33m=>\u001b[39m {\u001b[22m\n\u001b[2m     \u001b[90m     |\u001b[39m     \u001b[31m\u001b[1m^\u001b[22m\u001b[2m\u001b[39m\u001b[22m\n\u001b[2m     \u001b[90m 286 |\u001b[39m       \u001b[36mconst\u001b[39m user \u001b[33m=\u001b[39m userEvent\u001b[33m.\u001b[39msetup()\u001b[33m;\u001b[39m\u001b[22m\n\u001b[2m     \u001b[90m 287 |\u001b[39m       mockUseWallet\u001b[33m.\u001b[39mwalletState \u001b[33m=\u001b[39m {\u001b[22m\n\u001b[2m     \u001b[90m 288 |\u001b[39m         isConnected\u001b[33m:\u001b[39m \u001b[36mtrue\u001b[39m\u001b[33m,\u001b[39m\u001b[0m\u001b[22m\n\u001b[2m\u001b[22m\n\u001b[2m      \u001b[2mat \u001b[22m\u001b[2m\u001b[0m\u001b[36msrc/presentation/components/RiddleGame.test.tsx\u001b[39m\u001b[0m\u001b[2m:285:5\u001b[22m\u001b[2m\u001b[22m\n\u001b[2m      \u001b[2mat \u001b[22m\u001b[2m\u001b[0m\u001b[36msrc/presentation/components/RiddleGame.test.tsx\u001b[39m\u001b[0m\u001b[2m:224:3\u001b[22m\u001b[2m\u001b[22m\n\u001b[2m      \u001b[2mat Object.<anonymous> (\u001b[22m\u001b[2m\u001b[0m\u001b[36msrc/presentation/components/RiddleGame.test.tsx\u001b[39m\u001b[0m\u001b[2m:98:1)\u001b[22m\u001b[2m\u001b[22m\n\n\u001b[1m\u001b[31m  \u001b[1m● \u001b[22m\u001b[1mRiddleGame Component › Answer Submission › Given form is submitted without answer, When submitted, Then it should show validation error\u001b[39m\u001b[22m\n\n    thrown: \"Exceeded timeout of 5000 ms for a test.\n    Use jest.setTimeout(newTimeout) to increase the timeout value, if this is a long-running test.\"\n\u001b[2m\u001b[22m\n\u001b[2m    \u001b[0m \u001b[90m 309 |\u001b[39m     })\u001b[33m;\u001b[39m\u001b[22m\n\u001b[2m     \u001b[90m 310 |\u001b[39m\u001b[22m\n\u001b[2m    \u001b[31m\u001b[1m>\u001b[22m\u001b[2m\u001b[39m\u001b[90m 311 |\u001b[39m     test(\u001b[32m'Given form is submitted without answer, When submitted, Then it should show validation error'\u001b[39m\u001b[33m,\u001b[39m \u001b[36masync\u001b[39m () \u001b[33m=>\u001b[39m {\u001b[22m\n\u001b[2m     \u001b[90m     |\u001b[39m     \u001b[31m\u001b[1m^\u001b[22m\u001b[2m\u001b[39m\u001b[22m\n\u001b[2m     \u001b[90m 312 |\u001b[39m       \u001b[36mconst\u001b[39m user \u001b[33m=\u001b[39m userEvent\u001b[33m.\u001b[39msetup()\u001b[33m;\u001b[39m\u001b[22m\n\u001b[2m     \u001b[90m 313 |\u001b[39m       mockUseWallet\u001b[33m.\u001b[39mwalletState \u001b[33m=\u001b[39m {\u001b[22m\n\u001b[2m     \u001b[90m 314 |\u001b[39m         isConnected\u001b[33m:\u001b[39m \u001b[36mtrue\u001b[39m\u001b[33m,\u001b[39m\u001b[0m\u001b[22m\n\u001b[2m\u001b[22m\n\u001b[2m      \u001b[2mat \u001b[22m\u001b[2m\u001b[0m\u001b[36msrc/presentation/components/RiddleGame.test.tsx\u001b[39m\u001b[0m\u001b[2m:311:5\u001b[22m\u001b[2m\u001b[22m\n\u001b[2m      \u001b[2mat \u001b[22m\u001b[2m\u001b[0m\u001b[36msrc/presentation/components/RiddleGame.test.tsx\u001b[39m\u001b[0m\u001b[2m:224:3\u001b[22m\u001b[2m\u001b[22m\n\u001b[2m      \u001b[2mat Object.<anonymous> (\u001b[22m\u001b[2m\u001b[0m\u001b[36msrc/presentation/components/RiddleGame.test.tsx\u001b[39m\u001b[0m\u001b[2m:98:1)\u001b[22m\u001b[2m\u001b[22m\n\n\u001b[1m\u001b[31m  \u001b[1m● \u001b[22m\u001b[1mRiddleGame Component › Countdown Functionality › Given countdown is active, When rendering, Then it should display countdown timer\u001b[39m\u001b[22m\n\n    thrown: \"Exceeded timeout of 5000 ms for a test.\n    Use jest.setTimeout(newTimeout) to increase the timeout value, if this is a long-running test.\"\n\u001b[2m\u001b[22m\n\u001b[2m    \u001b[0m \u001b[90m 337 |\u001b[39m\u001b[22m\n\u001b[2m     \u001b[90m 338 |\u001b[39m   describe(\u001b[32m'Countdown Functionality'\u001b[39m\u001b[33m,\u001b[39m () \u001b[33m=>\u001b[39m {\u001b[22m\n\u001b[2m    \u001b[31m\u001b[1m>\u001b[22m\u001b[2m\u001b[39m\u001b[90m 339 |\u001b[39m     test(\u001b[32m'Given countdown is active, When rendering, Then it should display countdown timer'\u001b[39m\u001b[33m,\u001b[39m \u001b[36masync\u001b[39m () \u001b[33m=>\u001b[39m {\u001b[22m\n\u001b[2m     \u001b[90m     |\u001b[39m     \u001b[31m\u001b[1m^\u001b[22m\u001b[2m\u001b[39m\u001b[22m\n\u001b[2m     \u001b[90m 340 |\u001b[39m       \u001b[36mconst\u001b[39m user \u001b[33m=\u001b[39m userEvent\u001b[33m.\u001b[39msetup()\u001b[33m;\u001b[39m\u001b[22m\n\u001b[2m     \u001b[90m 341 |\u001b[39m       mockUseWallet\u001b[33m.\u001b[39mwalletState \u001b[33m=\u001b[39m {\u001b[22m\n\u001b[2m     \u001b[90m 342 |\u001b[39m         isConnected\u001b[33m:\u001b[39m \u001b[36mtrue\u001b[39m\u001b[33m,\u001b[39m\u001b[0m\u001b[22m\n\u001b[2m\u001b[22m\n\u001b[2m      \u001b[2mat \u001b[22m\u001b[2m\u001b[0m\u001b[36msrc/presentation/components/RiddleGame.test.tsx\u001b[39m\u001b[0m\u001b[2m:339:5\u001b[22m\u001b[2m\u001b[22m\n\u001b[2m      \u001b[2mat \u001b[22m\u001b[2m\u001b[0m\u001b[36msrc/presentation/components/RiddleGame.test.tsx\u001b[39m\u001b[0m\u001b[2m:338:3\u001b[22m\u001b[2m\u001b[22m\n\u001b[2m      \u001b[2mat Object.<anonymous> (\u001b[22m\u001b[2m\u001b[0m\u001b[36msrc/presentation/components/RiddleGame.test.tsx\u001b[39m\u001b[0m\u001b[2m:98:1)\u001b[22m\u001b[2m\u001b[22m\n\n\u001b[1m\u001b[31m  \u001b[1m● \u001b[22m\u001b[1mRiddleGame Component › Countdown Functionality › Given countdown is active, When countdown reaches zero, Then it should reload riddle\u001b[39m\u001b[22m\n\n    thrown: \"Exceeded timeout of 5000 ms for a test.\n    Use jest.setTimeout(newTimeout) to increase the timeout value, if this is a long-running test.\"\n\u001b[2m\u001b[22m\n\u001b[2m    \u001b[0m \u001b[90m 368 |\u001b[39m     })\u001b[33m;\u001b[39m\u001b[22m\n\u001b[2m     \u001b[90m 369 |\u001b[39m\u001b[22m\n\u001b[2m    \u001b[31m\u001b[1m>\u001b[22m\u001b[2m\u001b[39m\u001b[90m 370 |\u001b[39m     test(\u001b[32m'Given countdown is active, When countdown reaches zero, Then it should reload riddle'\u001b[39m\u001b[33m,\u001b[39m \u001b[36masync\u001b[39m () \u001b[33m=>\u001b[39m {\u001b[22m\n\u001b[2m     \u001b[90m     |\u001b[39m     \u001b[31m\u001b[1m^\u001b[22m\u001b[2m\u001b[39m\u001b[22m\n\u001b[2m     \u001b[90m 371 |\u001b[39m       \u001b[36mconst\u001b[39m user \u001b[33m=\u001b[39m userEvent\u001b[33m.\u001b[39msetup()\u001b[33m;\u001b[39m\u001b[22m\n\u001b[2m     \u001b[90m 372 |\u001b[39m       mockUseWallet\u001b[33m.\u001b[39mwalletState \u001b[33m=\u001b[39m {\u001b[22m\n\u001b[2m     \u001b[90m 373 |\u001b[39m         isConnected\u001b[33m:\u001b[39m \u001b[36mtrue\u001b[39m\u001b[33m,\u001b[39m\u001b[0m\u001b[22m\n\u001b[2m\u001b[22m\n\u001b[2m      \u001b[2mat \u001b[22m\u001b[2m\u001b[0m\u001b[36msrc/presentation/components/RiddleGame.test.tsx\u001b[39m\u001b[0m\u001b[2m:370:5\u001b[22m\u001b[2m\u001b[22m\n\u001b[2m      \u001b[2mat \u001b[22m\u001b[2m\u001b[0m\u001b[36msrc/presentation/components/RiddleGame.test.tsx\u001b[39m\u001b[0m\u001b[2m:338:3\u001b[22m\u001b[2m\u001b[22m\n\u001b[2m      \u001b[2mat Object.<anonymous> (\u001b[22m\u001b[2m\u001b[0m\u001b[36msrc/presentation/components/RiddleGame.test.tsx\u001b[39m\u001b[0m\u001b[2m:98:1)\u001b[22m\u001b[2m\u001b[22m\n\n\u001b[1m\u001b[31m  \u001b[1m● \u001b[22m\u001b[1mRiddleGame Component › Error Handling › Given contract error occurs, When submitting answer, Then it should display error message\u001b[39m\u001b[22m\n\n    thrown: \"Exceeded timeout of 5000 ms for a test.\n    Use jest.setTimeout(newTimeout) to increase the timeout value, if this is a long-running test.\"\n\u001b[2m\u001b[22m\n\u001b[2m    \u001b[0m \u001b[90m 434 |\u001b[39m     })\u001b[33m;\u001b[39m\u001b[22m\n\u001b[2m     \u001b[90m 435 |\u001b[39m\u001b[22m\n\u001b[2m    \u001b[31m\u001b[1m>\u001b[22m\u001b[2m\u001b[39m\u001b[90m 436 |\u001b[39m     test(\u001b[32m'Given contract error occurs, When submitting answer, Then it should display error message'\u001b[39m\u001b[33m,\u001b[39m \u001b[36masync\u001b[39m () \u001b[33m=>\u001b[39m {\u001b[22m\n\u001b[2m     \u001b[90m     |\u001b[39m     \u001b[31m\u001b[1m^\u001b[22m\u001b[2m\u001b[39m\u001b[22m\n\u001b[2m     \u001b[90m 437 |\u001b[39m       \u001b[36mconst\u001b[39m user \u001b[33m=\u001b[39m userEvent\u001b[33m.\u001b[39msetup()\u001b[33m;\u001b[39m\u001b[22m\n\u001b[2m     \u001b[90m 438 |\u001b[39m       mockUseWallet\u001b[33m.\u001b[39mwalletState \u001b[33m=\u001b[39m {\u001b[22m\n\u001b[2m     \u001b[90m 439 |\u001b[39m         isConnected\u001b[33m:\u001b[39m \u001b[36mtrue\u001b[39m\u001b[33m,\u001b[39m\u001b[0m\u001b[22m\n\u001b[2m\u001b[22m\n\u001b[2m      \u001b[2mat \u001b[22m\u001b[2m\u001b[0m\u001b[36msrc/presentation/components/RiddleGame.test.tsx\u001b[39m\u001b[0m\u001b[2m:436:5\u001b[22m\u001b[2m\u001b[22m\n\u001b[2m      \u001b[2mat \u001b[22m\u001b[2m\u001b[0m\u001b[36msrc/presentation/components/RiddleGame.test.tsx\u001b[39m\u001b[0m\u001b[2m:411:3\u001b[22m\u001b[2m\u001b[22m\n\u001b[2m      \u001b[2mat Object.<anonymous> (\u001b[22m\u001b[2m\u001b[0m\u001b[36msrc/presentation/components/RiddleGame.test.tsx\u001b[39m\u001b[0m\u001b[2m:98:1)\u001b[22m\u001b[2m\u001b[22m\n","name":"C:\\Users\\maxime\\Programs\\on_chain_riddle\\Frontend\\src\\presentation\\components\\RiddleGame.test.tsx","startTime":1752675260051,"status":"failed","summary":""},{"assertionResults":[{"ancestorTitles":["useWallet Hook","Initial State"],"failureMessages":[],"fullName":"useWallet Hook Initial State Given a new useWallet hook, When initialized, Then it should start with disconnected state","location":null,"status":"pending","title":"Given a new useWallet hook, When initialized, Then it should start with disconnected state"},{"ancestorTitles":["useWallet Hook","Wallet Connection"],"failureMessages":[],"fullName":"useWallet Hook Wallet Connection Given MetaMask is available, When connecting wallet successfully, Then it should update state with address and chainId","location":null,"status":"pending","title":"Given MetaMask is available, When connecting wallet successfully, Then it should update state with address and chainId"},{"ancestorTitles":["useWallet Hook","Wallet Connection"],"failureMessages":[],"fullName":"useWallet Hook Wallet Connection Given MetaMask request fails, When connecting wallet, Then it should set error state","location":null,"status":"pending","title":"Given MetaMask request fails, When connecting wallet, Then it should set error state"},{"ancestorTitles":["useWallet Hook","Wallet Connection"],"failureMessages":[],"fullName":"useWallet Hook Wallet Connection Given MetaMask is not installed, When connecting wallet, Then it should set appropriate error","location":null,"status":"pending","title":"Given MetaMask is not installed, When connecting wallet, Then it should set appropriate error"},{"ancestorTitles":["useWallet Hook","Wallet Disconnection"],"failureMessages":[],"fullName":"useWallet Hook Wallet Disconnection Given a connected wallet, When disconnecting, Then it should reset to initial state","location":null,"status":"pending","title":"Given a connected wallet, When disconnecting, Then it should reset to initial state"},{"ancestorTitles":["useWallet Hook","Event Listeners"],"failureMessages":[],"fullName":"useWallet Hook Event Listeners Given useWallet hook mounts, When initialized, Then it should set up event listeners","location":null,"status":"pending","title":"Given useWallet hook mounts, When initialized, Then it should set up event listeners"},{"ancestorTitles":["useWallet Hook","Event Listeners"],"failureMessages":[],"fullName":"useWallet Hook Event Listeners Given useWallet hook unmounts, When cleanup occurs, Then it should remove event listeners","location":null,"status":"pending","title":"Given useWallet hook unmounts, When cleanup occurs, Then it should remove event listeners"},{"ancestorTitles":["useWallet Hook","Account Change Handling"],"failureMessages":[],"fullName":"useWallet Hook Account Change Handling Given account changes in MetaMask, When accountsChanged event fires, Then it should update address","location":null,"status":"pending","title":"Given account changes in MetaMask, When accountsChanged event fires, Then it should update address"},{"ancestorTitles":["useWallet Hook","Account Change Handling"],"failureMessages":[],"fullName":"useWallet Hook Account Change Handling Given all accounts are disconnected, When accountsChanged event fires with empty array, Then it should disconnect wallet","location":null,"status":"pending","title":"Given all accounts are disconnected, When accountsChanged event fires with empty array, Then it should disconnect wallet"},{"ancestorTitles":["useWallet Hook","Network Change Handling"],"failureMessages":[],"fullName":"useWallet Hook Network Change Handling Given network changes in MetaMask, When chainChanged event fires, Then it should reload page","location":null,"status":"pending","title":"Given network changes in MetaMask, When chainChanged event fires, Then it should reload page"}],"endTime":1752675328500,"message":"","name":"C:\\Users\\maxime\\Programs\\on_chain_riddle\\Frontend\\src\\presentation\\hooks\\useWallet.test.tsx","startTime":1752675327607,"status":"passed","summary":""},{"assertionResults":[{"ancestorTitles":["Validation Utils","validateEthereumAddress"],"failureMessages":[],"fullName":"Validation Utils validateEthereumAddress Given a valid Ethereum address, When validating, Then it should return true","location":null,"status":"pending","title":"Given a valid Ethereum address, When validating, Then it should return true"},{"ancestorTitles":["Validation Utils","validateEthereumAddress"],"failureMessages":[],"fullName":"Validation Utils validateEthereumAddress Given an invalid Ethereum address, When validating, Then it should return false","location":null,"status":"pending","title":"Given an invalid Ethereum address, When validating, Then it should return false"},{"ancestorTitles":["Validation Utils","validateEthereumAddress"],"failureMessages":[],"fullName":"Validation Utils validateEthereumAddress Given a null or undefined address, When validating, Then it should return false","location":null,"status":"pending","title":"Given a null or undefined address, When validating, Then it should return false"}],"endTime":1752675329047,"message":"","name":"C:\\Users\\maxime\\Programs\\on_chain_riddle\\Frontend\\src\\shared\\utils\\validation.test.ts","startTime":1752675328553,"status":"passed","summary":""}],"wasInterrupted":false}